-------------------------------------------------------------------------------
Test set: models.dao.Sql2oUsersDaoTest
-------------------------------------------------------------------------------
Tests run: 16, Failures: 0, Errors: 16, Skipped: 0, Time elapsed: 76.762 sec <<< FAILURE! - in models.dao.Sql2oUsersDaoTest
instantiatesCorrectly(models.dao.Sql2oUsersDaoTest)  Time elapsed: 8.523 sec  <<< ERROR!
org.sql2o.Sql2oException: Could not acquire a connection from DataSource - No suitable driver found for jdbc:h2:mem:testing;INIT=RUNSCRIPT from 'classpath:db/create.sql'
	at models.dao.Sql2oUsersDaoTest.setUp(Sql2oUsersDaoTest.java:26)
Caused by: java.sql.SQLException: No suitable driver found for jdbc:h2:mem:testing;INIT=RUNSCRIPT from 'classpath:db/create.sql'
	at models.dao.Sql2oUsersDaoTest.setUp(Sql2oUsersDaoTest.java:26)

instantiatesCorrectly(models.dao.Sql2oUsersDaoTest)  Time elapsed: 8.524 sec  <<< ERROR!
java.lang.NullPointerException
	at models.dao.Sql2oUsersDaoTest.tearDown(Sql2oUsersDaoTest.java:35)

clearAll_clearsAllInstancesFromTheDatabaseCorrectly_true(models.dao.Sql2oUsersDaoTest)  Time elapsed: 9.082 sec  <<< ERROR!
org.sql2o.Sql2oException: Could not acquire a connection from DataSource - No suitable driver found for jdbc:h2:mem:testing;INIT=RUNSCRIPT from 'classpath:db/create.sql'
	at models.dao.Sql2oUsersDaoTest.setUp(Sql2oUsersDaoTest.java:26)
Caused by: java.sql.SQLException: No suitable driver found for jdbc:h2:mem:testing;INIT=RUNSCRIPT from 'classpath:db/create.sql'
	at models.dao.Sql2oUsersDaoTest.setUp(Sql2oUsersDaoTest.java:26)

clearAll_clearsAllInstancesFromTheDatabaseCorrectly_true(models.dao.Sql2oUsersDaoTest)  Time elapsed: 9.082 sec  <<< ERROR!
java.lang.NullPointerException
	at models.dao.Sql2oUsersDaoTest.tearDown(Sql2oUsersDaoTest.java:35)

findByIdReturnsCorrectInstanceOfClass(models.dao.Sql2oUsersDaoTest)  Time elapsed: 9.173 sec  <<< ERROR!
org.sql2o.Sql2oException: Could not acquire a connection from DataSource - No suitable driver found for jdbc:h2:mem:testing;INIT=RUNSCRIPT from 'classpath:db/create.sql'
	at models.dao.Sql2oUsersDaoTest.setUp(Sql2oUsersDaoTest.java:26)
Caused by: java.sql.SQLException: No suitable driver found for jdbc:h2:mem:testing;INIT=RUNSCRIPT from 'classpath:db/create.sql'
	at models.dao.Sql2oUsersDaoTest.setUp(Sql2oUsersDaoTest.java:26)

findByIdReturnsCorrectInstanceOfClass(models.dao.Sql2oUsersDaoTest)  Time elapsed: 9.173 sec  <<< ERROR!
java.lang.NullPointerException
	at models.dao.Sql2oUsersDaoTest.tearDown(Sql2oUsersDaoTest.java:35)

updatesCorrectlyUpdatesAllFieldsCorrectly(models.dao.Sql2oUsersDaoTest)  Time elapsed: 8.867 sec  <<< ERROR!
org.sql2o.Sql2oException: Could not acquire a connection from DataSource - No suitable driver found for jdbc:h2:mem:testing;INIT=RUNSCRIPT from 'classpath:db/create.sql'
	at models.dao.Sql2oUsersDaoTest.setUp(Sql2oUsersDaoTest.java:26)
Caused by: java.sql.SQLException: No suitable driver found for jdbc:h2:mem:testing;INIT=RUNSCRIPT from 'classpath:db/create.sql'
	at models.dao.Sql2oUsersDaoTest.setUp(Sql2oUsersDaoTest.java:26)

updatesCorrectlyUpdatesAllFieldsCorrectly(models.dao.Sql2oUsersDaoTest)  Time elapsed: 8.868 sec  <<< ERROR!
java.lang.NullPointerException
	at models.dao.Sql2oUsersDaoTest.tearDown(Sql2oUsersDaoTest.java:35)

deletesUserByIdCorrectly(models.dao.Sql2oUsersDaoTest)  Time elapsed: 16.448 sec  <<< ERROR!
org.sql2o.Sql2oException: Could not acquire a connection from DataSource - No suitable driver found for jdbc:h2:mem:testing;INIT=RUNSCRIPT from 'classpath:db/create.sql'
	at models.dao.Sql2oUsersDaoTest.setUp(Sql2oUsersDaoTest.java:26)
Caused by: java.sql.SQLException: No suitable driver found for jdbc:h2:mem:testing;INIT=RUNSCRIPT from 'classpath:db/create.sql'
	at models.dao.Sql2oUsersDaoTest.setUp(Sql2oUsersDaoTest.java:26)

deletesUserByIdCorrectly(models.dao.Sql2oUsersDaoTest)  Time elapsed: 16.448 sec  <<< ERROR!
java.lang.NullPointerException
	at models.dao.Sql2oUsersDaoTest.tearDown(Sql2oUsersDaoTest.java:35)

returnsCorrectSizeAfterInstantiation(models.dao.Sql2oUsersDaoTest)  Time elapsed: 7.79 sec  <<< ERROR!
org.sql2o.Sql2oException: Could not acquire a connection from DataSource - No suitable driver found for jdbc:h2:mem:testing;INIT=RUNSCRIPT from 'classpath:db/create.sql'
	at models.dao.Sql2oUsersDaoTest.setUp(Sql2oUsersDaoTest.java:26)
Caused by: java.sql.SQLException: No suitable driver found for jdbc:h2:mem:testing;INIT=RUNSCRIPT from 'classpath:db/create.sql'
	at models.dao.Sql2oUsersDaoTest.setUp(Sql2oUsersDaoTest.java:26)

returnsCorrectSizeAfterInstantiation(models.dao.Sql2oUsersDaoTest)  Time elapsed: 7.79 sec  <<< ERROR!
java.lang.NullPointerException
	at models.dao.Sql2oUsersDaoTest.tearDown(Sql2oUsersDaoTest.java:35)

returnsTheRightId(models.dao.Sql2oUsersDaoTest)  Time elapsed: 7.954 sec  <<< ERROR!
org.sql2o.Sql2oException: Could not acquire a connection from DataSource - No suitable driver found for jdbc:h2:mem:testing;INIT=RUNSCRIPT from 'classpath:db/create.sql'
	at models.dao.Sql2oUsersDaoTest.setUp(Sql2oUsersDaoTest.java:26)
Caused by: java.sql.SQLException: No suitable driver found for jdbc:h2:mem:testing;INIT=RUNSCRIPT from 'classpath:db/create.sql'
	at models.dao.Sql2oUsersDaoTest.setUp(Sql2oUsersDaoTest.java:26)

returnsTheRightId(models.dao.Sql2oUsersDaoTest)  Time elapsed: 7.954 sec  <<< ERROR!
java.lang.NullPointerException
	at models.dao.Sql2oUsersDaoTest.tearDown(Sql2oUsersDaoTest.java:35)

returnNothingWhenThereIsNoInstance(models.dao.Sql2oUsersDaoTest)  Time elapsed: 8.921 sec  <<< ERROR!
org.sql2o.Sql2oException: Could not acquire a connection from DataSource - No suitable driver found for jdbc:h2:mem:testing;INIT=RUNSCRIPT from 'classpath:db/create.sql'
	at models.dao.Sql2oUsersDaoTest.setUp(Sql2oUsersDaoTest.java:26)
Caused by: java.sql.SQLException: No suitable driver found for jdbc:h2:mem:testing;INIT=RUNSCRIPT from 'classpath:db/create.sql'
	at models.dao.Sql2oUsersDaoTest.setUp(Sql2oUsersDaoTest.java:26)

returnNothingWhenThereIsNoInstance(models.dao.Sql2oUsersDaoTest)  Time elapsed: 8.922 sec  <<< ERROR!
java.lang.NullPointerException
	at models.dao.Sql2oUsersDaoTest.tearDown(Sql2oUsersDaoTest.java:35)

