-------------------------------------------------------------------------------
Test set: models.dao.Sql2oDepartmentsDaoTest
-------------------------------------------------------------------------------
Tests run: 18, Failures: 0, Errors: 18, Skipped: 0, Time elapsed: 84.611 sec <<< FAILURE! - in models.dao.Sql2oDepartmentsDaoTest
getsTotalSizeCorrectly_true(models.dao.Sql2oDepartmentsDaoTest)  Time elapsed: 7.371 sec  <<< ERROR!
org.sql2o.Sql2oException: Could not acquire a connection from DataSource - No suitable driver found for jdbc:h2:mem:testing;INIT=RUNSCRIPT from 'classpath:db/create.sql'
	at models.dao.Sql2oDepartmentsDaoTest.setUp(Sql2oDepartmentsDaoTest.java:30)
Caused by: java.sql.SQLException: No suitable driver found for jdbc:h2:mem:testing;INIT=RUNSCRIPT from 'classpath:db/create.sql'
	at models.dao.Sql2oDepartmentsDaoTest.setUp(Sql2oDepartmentsDaoTest.java:30)

getsTotalSizeCorrectly_true(models.dao.Sql2oDepartmentsDaoTest)  Time elapsed: 7.371 sec  <<< ERROR!
java.lang.NullPointerException
	at models.dao.Sql2oDepartmentsDaoTest.tearDown(Sql2oDepartmentsDaoTest.java:39)

findByIdReturnsCorrectDepartment(models.dao.Sql2oDepartmentsDaoTest)  Time elapsed: 8.223 sec  <<< ERROR!
org.sql2o.Sql2oException: Could not acquire a connection from DataSource - No suitable driver found for jdbc:h2:mem:testing;INIT=RUNSCRIPT from 'classpath:db/create.sql'
	at models.dao.Sql2oDepartmentsDaoTest.setUp(Sql2oDepartmentsDaoTest.java:30)
Caused by: java.sql.SQLException: No suitable driver found for jdbc:h2:mem:testing;INIT=RUNSCRIPT from 'classpath:db/create.sql'
	at models.dao.Sql2oDepartmentsDaoTest.setUp(Sql2oDepartmentsDaoTest.java:30)

findByIdReturnsCorrectDepartment(models.dao.Sql2oDepartmentsDaoTest)  Time elapsed: 8.223 sec  <<< ERROR!
java.lang.NullPointerException
	at models.dao.Sql2oDepartmentsDaoTest.tearDown(Sql2oDepartmentsDaoTest.java:39)

update_UpdatesCorrectlyUpdatesAllFieldsCorrectly_true(models.dao.Sql2oDepartmentsDaoTest)  Time elapsed: 7.86 sec  <<< ERROR!
org.sql2o.Sql2oException: Could not acquire a connection from DataSource - No suitable driver found for jdbc:h2:mem:testing;INIT=RUNSCRIPT from 'classpath:db/create.sql'
	at models.dao.Sql2oDepartmentsDaoTest.setUp(Sql2oDepartmentsDaoTest.java:30)
Caused by: java.sql.SQLException: No suitable driver found for jdbc:h2:mem:testing;INIT=RUNSCRIPT from 'classpath:db/create.sql'
	at models.dao.Sql2oDepartmentsDaoTest.setUp(Sql2oDepartmentsDaoTest.java:30)

update_UpdatesCorrectlyUpdatesAllFieldsCorrectly_true(models.dao.Sql2oDepartmentsDaoTest)  Time elapsed: 7.861 sec  <<< ERROR!
java.lang.NullPointerException
	at models.dao.Sql2oDepartmentsDaoTest.tearDown(Sql2oDepartmentsDaoTest.java:39)

savesOneInstanceCorrectlyAndGetsRightId_true(models.dao.Sql2oDepartmentsDaoTest)  Time elapsed: 10.554 sec  <<< ERROR!
org.sql2o.Sql2oException: Could not acquire a connection from DataSource - No suitable driver found for jdbc:h2:mem:testing;INIT=RUNSCRIPT from 'classpath:db/create.sql'
	at models.dao.Sql2oDepartmentsDaoTest.setUp(Sql2oDepartmentsDaoTest.java:30)
Caused by: java.sql.SQLException: No suitable driver found for jdbc:h2:mem:testing;INIT=RUNSCRIPT from 'classpath:db/create.sql'
	at models.dao.Sql2oDepartmentsDaoTest.setUp(Sql2oDepartmentsDaoTest.java:30)

savesOneInstanceCorrectlyAndGetsRightId_true(models.dao.Sql2oDepartmentsDaoTest)  Time elapsed: 10.554 sec  <<< ERROR!
java.lang.NullPointerException
	at models.dao.Sql2oDepartmentsDaoTest.tearDown(Sql2oDepartmentsDaoTest.java:39)

addsBothUserIdAndDepartmentIdToDB_Correctly(models.dao.Sql2oDepartmentsDaoTest)  Time elapsed: 9.548 sec  <<< ERROR!
org.sql2o.Sql2oException: Could not acquire a connection from DataSource - No suitable driver found for jdbc:h2:mem:testing;INIT=RUNSCRIPT from 'classpath:db/create.sql'
	at models.dao.Sql2oDepartmentsDaoTest.setUp(Sql2oDepartmentsDaoTest.java:30)
Caused by: java.sql.SQLException: No suitable driver found for jdbc:h2:mem:testing;INIT=RUNSCRIPT from 'classpath:db/create.sql'
	at models.dao.Sql2oDepartmentsDaoTest.setUp(Sql2oDepartmentsDaoTest.java:30)

addsBothUserIdAndDepartmentIdToDB_Correctly(models.dao.Sql2oDepartmentsDaoTest)  Time elapsed: 9.549 sec  <<< ERROR!
java.lang.NullPointerException
	at models.dao.Sql2oDepartmentsDaoTest.tearDown(Sql2oDepartmentsDaoTest.java:39)

returnsZeroIfNoInstanceOfDepartmentExists_0(models.dao.Sql2oDepartmentsDaoTest)  Time elapsed: 8.122 sec  <<< ERROR!
org.sql2o.Sql2oException: Could not acquire a connection from DataSource - No suitable driver found for jdbc:h2:mem:testing;INIT=RUNSCRIPT from 'classpath:db/create.sql'
	at models.dao.Sql2oDepartmentsDaoTest.setUp(Sql2oDepartmentsDaoTest.java:30)
Caused by: java.sql.SQLException: No suitable driver found for jdbc:h2:mem:testing;INIT=RUNSCRIPT from 'classpath:db/create.sql'
	at models.dao.Sql2oDepartmentsDaoTest.setUp(Sql2oDepartmentsDaoTest.java:30)

returnsZeroIfNoInstanceOfDepartmentExists_0(models.dao.Sql2oDepartmentsDaoTest)  Time elapsed: 8.122 sec  <<< ERROR!
java.lang.NullPointerException
	at models.dao.Sql2oDepartmentsDaoTest.tearDown(Sql2oDepartmentsDaoTest.java:39)

clearAll_deletesAllTheDataPresentInTheDepartmentsTable_true(models.dao.Sql2oDepartmentsDaoTest)  Time elapsed: 8.119 sec  <<< ERROR!
org.sql2o.Sql2oException: Could not acquire a connection from DataSource - No suitable driver found for jdbc:h2:mem:testing;INIT=RUNSCRIPT from 'classpath:db/create.sql'
	at models.dao.Sql2oDepartmentsDaoTest.setUp(Sql2oDepartmentsDaoTest.java:30)
Caused by: java.sql.SQLException: No suitable driver found for jdbc:h2:mem:testing;INIT=RUNSCRIPT from 'classpath:db/create.sql'
	at models.dao.Sql2oDepartmentsDaoTest.setUp(Sql2oDepartmentsDaoTest.java:30)

clearAll_deletesAllTheDataPresentInTheDepartmentsTable_true(models.dao.Sql2oDepartmentsDaoTest)  Time elapsed: 8.12 sec  <<< ERROR!
java.lang.NullPointerException
	at models.dao.Sql2oDepartmentsDaoTest.tearDown(Sql2oDepartmentsDaoTest.java:39)

deleteDepartmentByIdDeletesCorrectDepartment(models.dao.Sql2oDepartmentsDaoTest)  Time elapsed: 8.642 sec  <<< ERROR!
org.sql2o.Sql2oException: Could not acquire a connection from DataSource - No suitable driver found for jdbc:h2:mem:testing;INIT=RUNSCRIPT from 'classpath:db/create.sql'
	at models.dao.Sql2oDepartmentsDaoTest.setUp(Sql2oDepartmentsDaoTest.java:30)
Caused by: java.sql.SQLException: No suitable driver found for jdbc:h2:mem:testing;INIT=RUNSCRIPT from 'classpath:db/create.sql'
	at models.dao.Sql2oDepartmentsDaoTest.setUp(Sql2oDepartmentsDaoTest.java:30)

deleteDepartmentByIdDeletesCorrectDepartment(models.dao.Sql2oDepartmentsDaoTest)  Time elapsed: 8.642 sec  <<< ERROR!
java.lang.NullPointerException
	at models.dao.Sql2oDepartmentsDaoTest.tearDown(Sql2oDepartmentsDaoTest.java:39)

deletingADepartmentAlsoUpdatesTheJointTable(models.dao.Sql2oDepartmentsDaoTest)  Time elapsed: 16.168 sec  <<< ERROR!
org.sql2o.Sql2oException: Could not acquire a connection from DataSource - No suitable driver found for jdbc:h2:mem:testing;INIT=RUNSCRIPT from 'classpath:db/create.sql'
	at models.dao.Sql2oDepartmentsDaoTest.setUp(Sql2oDepartmentsDaoTest.java:30)
Caused by: java.sql.SQLException: No suitable driver found for jdbc:h2:mem:testing;INIT=RUNSCRIPT from 'classpath:db/create.sql'
	at models.dao.Sql2oDepartmentsDaoTest.setUp(Sql2oDepartmentsDaoTest.java:30)

deletingADepartmentAlsoUpdatesTheJointTable(models.dao.Sql2oDepartmentsDaoTest)  Time elapsed: 16.169 sec  <<< ERROR!
java.lang.NullPointerException
	at models.dao.Sql2oDepartmentsDaoTest.tearDown(Sql2oDepartmentsDaoTest.java:39)

