<?xml version="1.0" encoding="UTF-8"?>
<testsuite xmlns:xsi="http://www.w3.org/2001/XMLSchema-instance" xsi:schemaLocation="https://maven.apache.org/surefire/maven-surefire-plugin/xsd/surefire-test-report.xsd" name="models.dao.Sql2oUsersDaoTest" time="76.762" tests="16" errors="16" skipped="0" failures="0">
  <properties>
[...]
</properties>
  <testcase name="instantiatesCorrectly" classname="models.dao.Sql2oUsersDaoTest" time="8.523">
    <error message="Could not acquire a connection from DataSource - No suitable driver found for jdbc:h2:mem:testing;INIT=RUNSCRIPT from &apos;classpath:db/create.sql&apos;" type="org.sql2o.Sql2oException">org.sql2o.Sql2oException: Could not acquire a connection from DataSource - No suitable driver found for jdbc:h2:mem:testing;INIT=RUNSCRIPT from 'classpath:db/create.sql'
	at models.dao.Sql2oUsersDaoTest.setUp(Sql2oUsersDaoTest.java:26)
Caused by: java.sql.SQLException: No suitable driver found for jdbc:h2:mem:testing;INIT=RUNSCRIPT from 'classpath:db/create.sql'
	at models.dao.Sql2oUsersDaoTest.setUp(Sql2oUsersDaoTest.java:26)
</error>
    <system-out><![CDATA[clearing database
]]></system-out>
  </testcase>
  <testcase name="instantiatesCorrectly" classname="models.dao.Sql2oUsersDaoTest" time="8.524">
    <error type="java.lang.NullPointerException">java.lang.NullPointerException
	at models.dao.Sql2oUsersDaoTest.tearDown(Sql2oUsersDaoTest.java:35)
</error>
  </testcase>
  <testcase name="clearAll_clearsAllInstancesFromTheDatabaseCorrectly_true" classname="models.dao.Sql2oUsersDaoTest" time="9.082">
    <error message="Could not acquire a connection from DataSource - No suitable driver found for jdbc:h2:mem:testing;INIT=RUNSCRIPT from &apos;classpath:db/create.sql&apos;" type="org.sql2o.Sql2oException">org.sql2o.Sql2oException: Could not acquire a connection from DataSource - No suitable driver found for jdbc:h2:mem:testing;INIT=RUNSCRIPT from 'classpath:db/create.sql'
	at models.dao.Sql2oUsersDaoTest.setUp(Sql2oUsersDaoTest.java:26)
Caused by: java.sql.SQLException: No suitable driver found for jdbc:h2:mem:testing;INIT=RUNSCRIPT from 'classpath:db/create.sql'
	at models.dao.Sql2oUsersDaoTest.setUp(Sql2oUsersDaoTest.java:26)
</error>
    <system-out><![CDATA[clearing database
]]></system-out>
  </testcase>
  <testcase name="clearAll_clearsAllInstancesFromTheDatabaseCorrectly_true" classname="models.dao.Sql2oUsersDaoTest" time="9.082">
    <error type="java.lang.NullPointerException">java.lang.NullPointerException
	at models.dao.Sql2oUsersDaoTest.tearDown(Sql2oUsersDaoTest.java:35)
</error>
  </testcase>
  <testcase name="findByIdReturnsCorrectInstanceOfClass" classname="models.dao.Sql2oUsersDaoTest" time="9.173">
    <error message="Could not acquire a connection from DataSource - No suitable driver found for jdbc:h2:mem:testing;INIT=RUNSCRIPT from &apos;classpath:db/create.sql&apos;" type="org.sql2o.Sql2oException">org.sql2o.Sql2oException: Could not acquire a connection from DataSource - No suitable driver found for jdbc:h2:mem:testing;INIT=RUNSCRIPT from 'classpath:db/create.sql'
	at models.dao.Sql2oUsersDaoTest.setUp(Sql2oUsersDaoTest.java:26)
Caused by: java.sql.SQLException: No suitable driver found for jdbc:h2:mem:testing;INIT=RUNSCRIPT from 'classpath:db/create.sql'
	at models.dao.Sql2oUsersDaoTest.setUp(Sql2oUsersDaoTest.java:26)
</error>
    <system-out><![CDATA[clearing database
]]></system-out>
  </testcase>
  <testcase name="findByIdReturnsCorrectInstanceOfClass" classname="models.dao.Sql2oUsersDaoTest" time="9.173">
    <error type="java.lang.NullPointerException">java.lang.NullPointerException
	at models.dao.Sql2oUsersDaoTest.tearDown(Sql2oUsersDaoTest.java:35)
</error>
  </testcase>
  <testcase name="updatesCorrectlyUpdatesAllFieldsCorrectly" classname="models.dao.Sql2oUsersDaoTest" time="8.867">
    <error message="Could not acquire a connection from DataSource - No suitable driver found for jdbc:h2:mem:testing;INIT=RUNSCRIPT from &apos;classpath:db/create.sql&apos;" type="org.sql2o.Sql2oException">org.sql2o.Sql2oException: Could not acquire a connection from DataSource - No suitable driver found for jdbc:h2:mem:testing;INIT=RUNSCRIPT from 'classpath:db/create.sql'
	at models.dao.Sql2oUsersDaoTest.setUp(Sql2oUsersDaoTest.java:26)
Caused by: java.sql.SQLException: No suitable driver found for jdbc:h2:mem:testing;INIT=RUNSCRIPT from 'classpath:db/create.sql'
	at models.dao.Sql2oUsersDaoTest.setUp(Sql2oUsersDaoTest.java:26)
</error>
    <system-out><![CDATA[clearing database
]]></system-out>
  </testcase>
  <testcase name="updatesCorrectlyUpdatesAllFieldsCorrectly" classname="models.dao.Sql2oUsersDaoTest" time="8.868">
    <error type="java.lang.NullPointerException">java.lang.NullPointerException
	at models.dao.Sql2oUsersDaoTest.tearDown(Sql2oUsersDaoTest.java:35)
</error>
  </testcase>
  <testcase name="deletesUserByIdCorrectly" classname="models.dao.Sql2oUsersDaoTest" time="16.448">
    <error message="Could not acquire a connection from DataSource - No suitable driver found for jdbc:h2:mem:testing;INIT=RUNSCRIPT from &apos;classpath:db/create.sql&apos;" type="org.sql2o.Sql2oException">org.sql2o.Sql2oException: Could not acquire a connection from DataSource - No suitable driver found for jdbc:h2:mem:testing;INIT=RUNSCRIPT from 'classpath:db/create.sql'
	at models.dao.Sql2oUsersDaoTest.setUp(Sql2oUsersDaoTest.java:26)
Caused by: java.sql.SQLException: No suitable driver found for jdbc:h2:mem:testing;INIT=RUNSCRIPT from 'classpath:db/create.sql'
	at models.dao.Sql2oUsersDaoTest.setUp(Sql2oUsersDaoTest.java:26)
</error>
    <system-out><![CDATA[clearing database
]]></system-out>
  </testcase>
  <testcase name="deletesUserByIdCorrectly" classname="models.dao.Sql2oUsersDaoTest" time="16.448">
    <error type="java.lang.NullPointerException">java.lang.NullPointerException
	at models.dao.Sql2oUsersDaoTest.tearDown(Sql2oUsersDaoTest.java:35)
</error>
  </testcase>
  <testcase name="returnsCorrectSizeAfterInstantiation" classname="models.dao.Sql2oUsersDaoTest" time="7.79">
    <error message="Could not acquire a connection from DataSource - No suitable driver found for jdbc:h2:mem:testing;INIT=RUNSCRIPT from &apos;classpath:db/create.sql&apos;" type="org.sql2o.Sql2oException">org.sql2o.Sql2oException: Could not acquire a connection from DataSource - No suitable driver found for jdbc:h2:mem:testing;INIT=RUNSCRIPT from 'classpath:db/create.sql'
	at models.dao.Sql2oUsersDaoTest.setUp(Sql2oUsersDaoTest.java:26)
Caused by: java.sql.SQLException: No suitable driver found for jdbc:h2:mem:testing;INIT=RUNSCRIPT from 'classpath:db/create.sql'
	at models.dao.Sql2oUsersDaoTest.setUp(Sql2oUsersDaoTest.java:26)
</error>
    <system-out><![CDATA[clearing database
]]></system-out>
  </testcase>
  <testcase name="returnsCorrectSizeAfterInstantiation" classname="models.dao.Sql2oUsersDaoTest" time="7.79">
    <error type="java.lang.NullPointerException">java.lang.NullPointerException
	at models.dao.Sql2oUsersDaoTest.tearDown(Sql2oUsersDaoTest.java:35)
</error>
  </testcase>
  <testcase name="returnsTheRightId" classname="models.dao.Sql2oUsersDaoTest" time="7.954">
    <error message="Could not acquire a connection from DataSource - No suitable driver found for jdbc:h2:mem:testing;INIT=RUNSCRIPT from &apos;classpath:db/create.sql&apos;" type="org.sql2o.Sql2oException">org.sql2o.Sql2oException: Could not acquire a connection from DataSource - No suitable driver found for jdbc:h2:mem:testing;INIT=RUNSCRIPT from 'classpath:db/create.sql'
	at models.dao.Sql2oUsersDaoTest.setUp(Sql2oUsersDaoTest.java:26)
Caused by: java.sql.SQLException: No suitable driver found for jdbc:h2:mem:testing;INIT=RUNSCRIPT from 'classpath:db/create.sql'
	at models.dao.Sql2oUsersDaoTest.setUp(Sql2oUsersDaoTest.java:26)
</error>
    <system-out><![CDATA[clearing database
]]></system-out>
  </testcase>
  <testcase name="returnsTheRightId" classname="models.dao.Sql2oUsersDaoTest" time="7.954">
    <error type="java.lang.NullPointerException">java.lang.NullPointerException
	at models.dao.Sql2oUsersDaoTest.tearDown(Sql2oUsersDaoTest.java:35)
</error>
  </testcase>
  <testcase name="returnNothingWhenThereIsNoInstance" classname="models.dao.Sql2oUsersDaoTest" time="8.921">
    <error message="Could not acquire a connection from DataSource - No suitable driver found for jdbc:h2:mem:testing;INIT=RUNSCRIPT from &apos;classpath:db/create.sql&apos;" type="org.sql2o.Sql2oException">org.sql2o.Sql2oException: Could not acquire a connection from DataSource - No suitable driver found for jdbc:h2:mem:testing;INIT=RUNSCRIPT from 'classpath:db/create.sql'
	at models.dao.Sql2oUsersDaoTest.setUp(Sql2oUsersDaoTest.java:26)
Caused by: java.sql.SQLException: No suitable driver found for jdbc:h2:mem:testing;INIT=RUNSCRIPT from 'classpath:db/create.sql'
	at models.dao.Sql2oUsersDaoTest.setUp(Sql2oUsersDaoTest.java:26)
</error>
    <system-out><![CDATA[clearing database
]]></system-out>
  </testcase>
  <testcase name="returnNothingWhenThereIsNoInstance" classname="models.dao.Sql2oUsersDaoTest" time="8.922">
    <error type="java.lang.NullPointerException">java.lang.NullPointerException
	at models.dao.Sql2oUsersDaoTest.tearDown(Sql2oUsersDaoTest.java:35)
</error>
  </testcase>
</testsuite>