<?xml version="1.0" encoding="UTF-8"?>
<testsuite xmlns:xsi="http://www.w3.org/2001/XMLSchema-instance" xsi:schemaLocation="https://maven.apache.org/surefire/maven-surefire-plugin/xsd/surefire-test-report.xsd" name="models.dao.Sql2oNewsDaoTest" time="90.703" tests="20" errors="20" skipped="0" failures="0">
  <properties>
[...]
</properties>
  <testcase name="addsNewsToADepartmentCorrectly" classname="models.dao.Sql2oNewsDaoTest" time="10.416">
    <error message="Could not acquire a connection from DataSource - No suitable driver found for jdbc:h2:mem:testing;INIT=RUNSCRIPT from &apos;classpath:db/create.sql&apos;" type="org.sql2o.Sql2oException">org.sql2o.Sql2oException: Could not acquire a connection from DataSource - No suitable driver found for jdbc:h2:mem:testing;INIT=RUNSCRIPT from 'classpath:db/create.sql'
	at models.dao.Sql2oNewsDaoTest.setUp(Sql2oNewsDaoTest.java:30)
Caused by: java.sql.SQLException: No suitable driver found for jdbc:h2:mem:testing;INIT=RUNSCRIPT from 'classpath:db/create.sql'
	at models.dao.Sql2oNewsDaoTest.setUp(Sql2oNewsDaoTest.java:30)
</error>
    <system-out><![CDATA[clearing database
]]></system-out>
  </testcase>
  <testcase name="addsNewsToADepartmentCorrectly" classname="models.dao.Sql2oNewsDaoTest" time="10.416">
    <error type="java.lang.NullPointerException">java.lang.NullPointerException
	at models.dao.Sql2oNewsDaoTest.tearDown(Sql2oNewsDaoTest.java:39)
</error>
  </testcase>
  <testcase name="news_instantiatesCorrectly_true" classname="models.dao.Sql2oNewsDaoTest" time="9.004">
    <error message="Could not acquire a connection from DataSource - No suitable driver found for jdbc:h2:mem:testing;INIT=RUNSCRIPT from &apos;classpath:db/create.sql&apos;" type="org.sql2o.Sql2oException">org.sql2o.Sql2oException: Could not acquire a connection from DataSource - No suitable driver found for jdbc:h2:mem:testing;INIT=RUNSCRIPT from 'classpath:db/create.sql'
	at models.dao.Sql2oNewsDaoTest.setUp(Sql2oNewsDaoTest.java:30)
Caused by: java.sql.SQLException: No suitable driver found for jdbc:h2:mem:testing;INIT=RUNSCRIPT from 'classpath:db/create.sql'
	at models.dao.Sql2oNewsDaoTest.setUp(Sql2oNewsDaoTest.java:30)
</error>
    <system-out><![CDATA[clearing database
]]></system-out>
  </testcase>
  <testcase name="news_instantiatesCorrectly_true" classname="models.dao.Sql2oNewsDaoTest" time="9.005">
    <error type="java.lang.NullPointerException">java.lang.NullPointerException
	at models.dao.Sql2oNewsDaoTest.tearDown(Sql2oNewsDaoTest.java:39)
</error>
  </testcase>
  <testcase name="returnsTheIdOfNewsInstanceCorrectly" classname="models.dao.Sql2oNewsDaoTest" time="9.321">
    <error message="Could not acquire a connection from DataSource - No suitable driver found for jdbc:h2:mem:testing;INIT=RUNSCRIPT from &apos;classpath:db/create.sql&apos;" type="org.sql2o.Sql2oException">org.sql2o.Sql2oException: Could not acquire a connection from DataSource - No suitable driver found for jdbc:h2:mem:testing;INIT=RUNSCRIPT from 'classpath:db/create.sql'
	at models.dao.Sql2oNewsDaoTest.setUp(Sql2oNewsDaoTest.java:30)
Caused by: java.sql.SQLException: No suitable driver found for jdbc:h2:mem:testing;INIT=RUNSCRIPT from 'classpath:db/create.sql'
	at models.dao.Sql2oNewsDaoTest.setUp(Sql2oNewsDaoTest.java:30)
</error>
    <system-out><![CDATA[clearing database
]]></system-out>
  </testcase>
  <testcase name="returnsTheIdOfNewsInstanceCorrectly" classname="models.dao.Sql2oNewsDaoTest" time="9.321">
    <error type="java.lang.NullPointerException">java.lang.NullPointerException
	at models.dao.Sql2oNewsDaoTest.tearDown(Sql2oNewsDaoTest.java:39)
</error>
  </testcase>
  <testcase name="returnsZeroIfNoInstanceOfNewsExists" classname="models.dao.Sql2oNewsDaoTest" time="8.399">
    <error message="Could not acquire a connection from DataSource - No suitable driver found for jdbc:h2:mem:testing;INIT=RUNSCRIPT from &apos;classpath:db/create.sql&apos;" type="org.sql2o.Sql2oException">org.sql2o.Sql2oException: Could not acquire a connection from DataSource - No suitable driver found for jdbc:h2:mem:testing;INIT=RUNSCRIPT from 'classpath:db/create.sql'
	at models.dao.Sql2oNewsDaoTest.setUp(Sql2oNewsDaoTest.java:30)
Caused by: java.sql.SQLException: No suitable driver found for jdbc:h2:mem:testing;INIT=RUNSCRIPT from 'classpath:db/create.sql'
	at models.dao.Sql2oNewsDaoTest.setUp(Sql2oNewsDaoTest.java:30)
</error>
    <system-out><![CDATA[clearing database
]]></system-out>
  </testcase>
  <testcase name="returnsZeroIfNoInstanceOfNewsExists" classname="models.dao.Sql2oNewsDaoTest" time="8.399">
    <error type="java.lang.NullPointerException">java.lang.NullPointerException
	at models.dao.Sql2oNewsDaoTest.tearDown(Sql2oNewsDaoTest.java:39)
</error>
  </testcase>
  <testcase name="clearsAllNewsAfterClearAllMethodIsCalled" classname="models.dao.Sql2oNewsDaoTest" time="10.138">
    <error message="Could not acquire a connection from DataSource - No suitable driver found for jdbc:h2:mem:testing;INIT=RUNSCRIPT from &apos;classpath:db/create.sql&apos;" type="org.sql2o.Sql2oException">org.sql2o.Sql2oException: Could not acquire a connection from DataSource - No suitable driver found for jdbc:h2:mem:testing;INIT=RUNSCRIPT from 'classpath:db/create.sql'
	at models.dao.Sql2oNewsDaoTest.setUp(Sql2oNewsDaoTest.java:30)
Caused by: java.sql.SQLException: No suitable driver found for jdbc:h2:mem:testing;INIT=RUNSCRIPT from 'classpath:db/create.sql'
	at models.dao.Sql2oNewsDaoTest.setUp(Sql2oNewsDaoTest.java:30)
</error>
    <system-out><![CDATA[clearing database
]]></system-out>
  </testcase>
  <testcase name="clearsAllNewsAfterClearAllMethodIsCalled" classname="models.dao.Sql2oNewsDaoTest" time="10.139">
    <error type="java.lang.NullPointerException">java.lang.NullPointerException
	at models.dao.Sql2oNewsDaoTest.tearDown(Sql2oNewsDaoTest.java:39)
</error>
  </testcase>
  <testcase name="deletesTheRightNewsByIdCorrectly" classname="models.dao.Sql2oNewsDaoTest" time="8.623">
    <error message="Could not acquire a connection from DataSource - No suitable driver found for jdbc:h2:mem:testing;INIT=RUNSCRIPT from &apos;classpath:db/create.sql&apos;" type="org.sql2o.Sql2oException">org.sql2o.Sql2oException: Could not acquire a connection from DataSource - No suitable driver found for jdbc:h2:mem:testing;INIT=RUNSCRIPT from 'classpath:db/create.sql'
	at models.dao.Sql2oNewsDaoTest.setUp(Sql2oNewsDaoTest.java:30)
Caused by: java.sql.SQLException: No suitable driver found for jdbc:h2:mem:testing;INIT=RUNSCRIPT from 'classpath:db/create.sql'
	at models.dao.Sql2oNewsDaoTest.setUp(Sql2oNewsDaoTest.java:30)
</error>
    <system-out><![CDATA[clearing database
]]></system-out>
  </testcase>
  <testcase name="deletesTheRightNewsByIdCorrectly" classname="models.dao.Sql2oNewsDaoTest" time="8.623">
    <error type="java.lang.NullPointerException">java.lang.NullPointerException
	at models.dao.Sql2oNewsDaoTest.tearDown(Sql2oNewsDaoTest.java:39)
</error>
  </testcase>
  <testcase name="update_UpdatesCorrectlyUpdatesAllFieldCorrectly_true" classname="models.dao.Sql2oNewsDaoTest" time="8.564">
    <error message="Could not acquire a connection from DataSource - No suitable driver found for jdbc:h2:mem:testing;INIT=RUNSCRIPT from &apos;classpath:db/create.sql&apos;" type="org.sql2o.Sql2oException">org.sql2o.Sql2oException: Could not acquire a connection from DataSource - No suitable driver found for jdbc:h2:mem:testing;INIT=RUNSCRIPT from 'classpath:db/create.sql'
	at models.dao.Sql2oNewsDaoTest.setUp(Sql2oNewsDaoTest.java:30)
Caused by: java.sql.SQLException: No suitable driver found for jdbc:h2:mem:testing;INIT=RUNSCRIPT from 'classpath:db/create.sql'
	at models.dao.Sql2oNewsDaoTest.setUp(Sql2oNewsDaoTest.java:30)
</error>
    <system-out><![CDATA[clearing database
]]></system-out>
  </testcase>
  <testcase name="update_UpdatesCorrectlyUpdatesAllFieldCorrectly_true" classname="models.dao.Sql2oNewsDaoTest" time="8.567">
    <error type="java.lang.NullPointerException">java.lang.NullPointerException
	at models.dao.Sql2oNewsDaoTest.tearDown(Sql2oNewsDaoTest.java:39)
</error>
  </testcase>
  <testcase name="returnsTheCorrectTotalInstancesOfTheClass" classname="models.dao.Sql2oNewsDaoTest" time="8.813">
    <error message="Could not acquire a connection from DataSource - No suitable driver found for jdbc:h2:mem:testing;INIT=RUNSCRIPT from &apos;classpath:db/create.sql&apos;" type="org.sql2o.Sql2oException">org.sql2o.Sql2oException: Could not acquire a connection from DataSource - No suitable driver found for jdbc:h2:mem:testing;INIT=RUNSCRIPT from 'classpath:db/create.sql'
	at models.dao.Sql2oNewsDaoTest.setUp(Sql2oNewsDaoTest.java:30)
Caused by: java.sql.SQLException: No suitable driver found for jdbc:h2:mem:testing;INIT=RUNSCRIPT from 'classpath:db/create.sql'
	at models.dao.Sql2oNewsDaoTest.setUp(Sql2oNewsDaoTest.java:30)
</error>
    <system-out><![CDATA[clearing database
]]></system-out>
  </testcase>
  <testcase name="returnsTheCorrectTotalInstancesOfTheClass" classname="models.dao.Sql2oNewsDaoTest" time="8.814">
    <error type="java.lang.NullPointerException">java.lang.NullPointerException
	at models.dao.Sql2oNewsDaoTest.tearDown(Sql2oNewsDaoTest.java:39)
</error>
  </testcase>
  <testcase name="deletingADepartmentAlsoUpdatesTheNewDepartmentJointTable" classname="models.dao.Sql2oNewsDaoTest" time="8.907">
    <error message="Could not acquire a connection from DataSource - No suitable driver found for jdbc:h2:mem:testing;INIT=RUNSCRIPT from &apos;classpath:db/create.sql&apos;" type="org.sql2o.Sql2oException">org.sql2o.Sql2oException: Could not acquire a connection from DataSource - No suitable driver found for jdbc:h2:mem:testing;INIT=RUNSCRIPT from 'classpath:db/create.sql'
	at models.dao.Sql2oNewsDaoTest.setUp(Sql2oNewsDaoTest.java:30)
Caused by: java.sql.SQLException: No suitable driver found for jdbc:h2:mem:testing;INIT=RUNSCRIPT from 'classpath:db/create.sql'
	at models.dao.Sql2oNewsDaoTest.setUp(Sql2oNewsDaoTest.java:30)
</error>
    <system-out><![CDATA[clearing database
]]></system-out>
  </testcase>
  <testcase name="deletingADepartmentAlsoUpdatesTheNewDepartmentJointTable" classname="models.dao.Sql2oNewsDaoTest" time="8.909">
    <error type="java.lang.NullPointerException">java.lang.NullPointerException
	at models.dao.Sql2oNewsDaoTest.tearDown(Sql2oNewsDaoTest.java:39)
</error>
  </testcase>
  <testcase name="findByIdReturnsCorrectNewsInstance" classname="models.dao.Sql2oNewsDaoTest" time="8.503">
    <error message="Could not acquire a connection from DataSource - No suitable driver found for jdbc:h2:mem:testing;INIT=RUNSCRIPT from &apos;classpath:db/create.sql&apos;" type="org.sql2o.Sql2oException">org.sql2o.Sql2oException: Could not acquire a connection from DataSource - No suitable driver found for jdbc:h2:mem:testing;INIT=RUNSCRIPT from 'classpath:db/create.sql'
	at models.dao.Sql2oNewsDaoTest.setUp(Sql2oNewsDaoTest.java:30)
Caused by: java.sql.SQLException: No suitable driver found for jdbc:h2:mem:testing;INIT=RUNSCRIPT from 'classpath:db/create.sql'
	at models.dao.Sql2oNewsDaoTest.setUp(Sql2oNewsDaoTest.java:30)
</error>
    <system-out><![CDATA[clearing database
]]></system-out>
  </testcase>
  <testcase name="findByIdReturnsCorrectNewsInstance" classname="models.dao.Sql2oNewsDaoTest" time="8.503">
    <error type="java.lang.NullPointerException">java.lang.NullPointerException
	at models.dao.Sql2oNewsDaoTest.tearDown(Sql2oNewsDaoTest.java:39)
</error>
  </testcase>
</testsuite>